[2025-08-30T05:16:15.770281+00:00] requests.INFO: {"method":"GET","path":"\/books","userId":null,"time":"2025-08-30T05:16:15+00:00"} [] []
[2025-08-30T06:51:31.718038+00:00] requests.INFO: {"method":"POST","path":"\/oauth\/token","userId":null,"time":"2025-08-30T06:51:31+00:00"} [] []
[2025-08-30T06:51:54.006597+00:00] requests.INFO: {"method":"POST","path":"\/books","userId":null,"time":"2025-08-30T06:51:54+00:00"} [] []
[2025-08-30T06:52:23.252250+00:00] requests.INFO: {"method":"POST","path":"\/books","userId":null,"time":"2025-08-30T06:52:23+00:00"} [] []
[2025-08-30T06:52:42.606131+00:00] requests.INFO: {"method":"GET","path":"\/books","userId":null,"time":"2025-08-30T06:52:42+00:00"} [] []
[2025-08-30T06:52:47.537487+00:00] requests.INFO: {"method":"GET","path":"\/books","userId":null,"time":"2025-08-30T06:52:47+00:00"} [] []
[2025-08-30T06:52:57.212347+00:00] requests.INFO: {"method":"GET","path":"\/books\/1\/borrows","userId":null,"time":"2025-08-30T06:52:57+00:00"} [] []
[2025-08-30T06:53:14.432878+00:00] requests.INFO: {"method":"POST","path":"\/books\/1\/borrow","userId":null,"time":"2025-08-30T06:53:14+00:00"} [] []
[2025-08-30T06:53:54.257920+00:00] requests.INFO: {"method":"GET","path":"\/books\/1\/borrows","userId":null,"time":"2025-08-30T06:53:54+00:00"} [] []
[2025-08-30T07:09:44.451776+00:00] requests.INFO: {"method":"POST","path":"\/oauth\/token","userId":null,"time":"2025-08-30T07:09:44+00:00"} [] []
[2025-08-30T07:09:58.891124+00:00] requests.INFO: {"method":"POST","path":"\/oauth\/token","userId":null,"time":"2025-08-30T07:09:58+00:00"} [] []
[2025-08-30T07:10:18.575138+00:00] requests.INFO: {"method":"POST","path":"\/oauth\/token","userId":null,"time":"2025-08-30T07:10:18+00:00"} [] []
[2025-08-30T07:10:25.997966+00:00] requests.INFO: {"method":"POST","path":"\/oauth\/token","userId":null,"time":"2025-08-30T07:10:25+00:00"} [] []
[2025-08-30T07:10:27.308212+00:00] requests.INFO: {"method":"POST","path":"\/oauth\/token","userId":null,"time":"2025-08-30T07:10:27+00:00"} [] []
[2025-08-30T07:10:45.937608+00:00] requests.INFO: {"method":"POST","path":"\/oauth\/token","userId":null,"time":"2025-08-30T07:10:45+00:00"} [] []
[2025-08-30T07:11:26.313514+00:00] requests.INFO: {"method":"POST","path":"\/oauth\/token","userId":null,"time":"2025-08-30T07:11:26+00:00"} [] []
[2025-08-30T07:11:27.491918+00:00] requests.INFO: {"method":"POST","path":"\/oauth\/token","userId":null,"time":"2025-08-30T07:11:27+00:00"} [] []
[2025-08-30T07:11:46.698466+00:00] requests.INFO: {"method":"POST","path":"\/oauth\/token","userId":null,"time":"2025-08-30T07:11:46+00:00"} [] []
[2025-08-30T07:12:37.805043+00:00] requests.INFO: {"method":"POST","path":"\/oauth\/token","userId":null,"time":"2025-08-30T07:12:37+00:00"} [] []
[2025-08-30T07:14:39.064900+00:00] requests.INFO: {"method":"POST","path":"\/oauth\/token","userId":null,"time":"2025-08-30T07:14:39+00:00"} [] []
[2025-08-30T07:16:36.944958+00:00] requests.INFO: {"method":"POST","path":"\/oauth\/token","userId":null,"time":"2025-08-30T07:16:36+00:00"} [] []
[2025-08-30T07:16:48.817018+00:00] requests.INFO: {"method":"POST","path":"\/oauth\/token","userId":null,"time":"2025-08-30T07:16:48+00:00"} [] []
[2025-08-30T07:17:16.542204+00:00] requests.INFO: {"method":"POST","path":"\/oauth\/token","userId":null,"time":"2025-08-30T07:17:16+00:00"} [] []
[2025-08-30T07:17:19.670861+00:00] requests.INFO: {"method":"POST","path":"\/oauth\/token","userId":null,"time":"2025-08-30T07:17:19+00:00"} [] []
[2025-08-30T07:18:18.672111+00:00] requests.INFO: {"method":"POST","path":"\/oauth\/token","userId":null,"time":"2025-08-30T07:18:18+00:00"} [] []
[2025-08-30T07:18:26.662722+00:00] requests.INFO: {"method":"POST","path":"\/oauth\/token","userId":null,"time":"2025-08-30T07:18:26+00:00"} [] []
[2025-08-30T07:18:31.120468+00:00] requests.INFO: {"method":"POST","path":"\/oauth\/token","userId":null,"time":"2025-08-30T07:18:31+00:00"} [] []
[2025-08-30T07:21:16.634615+00:00] requests.INFO: {"method":"POST","path":"\/oauth\/token","userId":null,"time":"2025-08-30T07:21:16+00:00"} [] []
[2025-08-30T07:22:02.752189+00:00] requests.INFO: {"method":"POST","path":"\/oauth\/token","userId":null,"time":"2025-08-30T07:22:02+00:00"} [] []
[2025-08-30T07:22:20.049628+00:00] requests.INFO: {"method":"POST","path":"\/oauth\/token","userId":null,"time":"2025-08-30T07:22:20+00:00"} [] []
[2025-08-30T07:29:18.129074+00:00] requests.INFO: {"method":"POST","path":"\/oauth\/token","userId":null,"time":"2025-08-30T07:29:18+00:00"} [] []
[2025-08-30T07:30:32.375959+00:00] requests.INFO: {"method":"POST","path":"\/oauth\/token","userId":null,"time":"2025-08-30T07:30:32+00:00"} [] []
[2025-08-30T07:30:37.382526+00:00] requests.INFO: {"method":"POST","path":"\/oauth\/token","userId":null,"time":"2025-08-30T07:30:37+00:00"} [] []
[2025-08-30T07:33:25.221733+00:00] requests.INFO: {"method":"POST","path":"\/oauth\/token","userId":null,"time":"2025-08-30T07:33:25+00:00"} [] []
[2025-08-30T07:33:55.763605+00:00] requests.INFO: {"method":"POST","path":"\/oauth\/token","userId":null,"time":"2025-08-30T07:33:55+00:00"} [] []
[2025-08-30T07:37:19.781173+00:00] requests.INFO: {"method":"GET","path":"\/analytics\/borrow-rank-per-user","userId":null,"time":"2025-08-30T07:37:19+00:00"} [] []
[2025-08-30T07:38:54.953885+00:00] requests.INFO: {"method":"GET","path":"\/analytics\/book-summary","userId":null,"time":"2025-08-30T07:38:54+00:00"} [] []
[2025-08-30T07:56:48.975619+00:00] requests.INFO: {"method":"POST","path":"\/oauth\/token","userId":null,"time":"2025-08-30T07:56:48+00:00"} [] []
[2025-08-30T07:56:54.533594+00:00] requests.INFO: {"method":"POST","path":"\/oauth\/token","userId":null,"time":"2025-08-30T07:56:54+00:00"} [] []
[2025-08-30T08:04:56.739618+00:00] requests.INFO: {"method":"POST","path":"\/oauth\/token","userId":null,"time":"2025-08-30T08:04:56+00:00"} [] []
[2025-08-30T13:12:47.913048+00:00] requests.INFO: {"method":"GET","path":"\/books","userId":null,"time":"2025-08-30T13:12:47+00:00"} [] []
[2025-08-30T13:13:20.208763+00:00] requests.INFO: {"method":"GET","path":"\/analytics\/latest-borrow-per-book","userId":null,"time":"2025-08-30T13:13:20+00:00"} [] []
[2025-08-30T13:13:48.446513+00:00] requests.INFO: {"method":"GET","path":"\/analytics\/latest-borrow-per-book","userId":null,"time":"2025-08-30T13:13:48+00:00"} [] []
[2025-08-30T13:14:29.039461+00:00] requests.INFO: {"method":"GET","path":"\/analytics\/latest-borrow-per-book","userId":null,"time":"2025-08-30T13:14:29+00:00"} [] []
